<?xml version="1.0" encoding="UTF-8"?>
<!-- Generated by org.testng.reporters.JUnitReportReporter -->
<testsuite hostname="DESKTOP-SPMBGS0" failures="0" tests="1" name="test.NaveenTest" time="4.484" errors="0" timestamp="2023-07-06T13:30:38 IST" skipped="0">
  <testcase classname="test.NaveenTest" name="test" time="4.484"/>
</testsuite> <!-- test.NaveenTest -->
